<?xml version="1.0" encoding="UTF-8"?>
<!-- Generated by org.testng.reporters.JUnitReportReporter -->
<testsuite hostname="Nancy" failures="0" tests="1" name="test.AddCustomerTest" time="118.193" errors="0" timestamp="2024-01-28T15:25:56 CST" skipped="0">
  <testcase classname="test.AddCustomerTest" name="userShouldBeAbleToAddCustomer" time="118.193"/>
</testsuite> <!-- test.AddCustomerTest -->
