<?xml version="1.0" encoding="UTF-8"?>
<!-- Generated by org.testng.reporters.JUnitReportReporter -->
<testsuite hostname="Nancy" failures="0" tests="1" name="test.AddCustomerTest" time="132.136" errors="0" timestamp="2024-02-08T12:01:24 CST" skipped="0">
  <testcase classname="test.AddCustomerTest" name="userShouldBeAbleToAddCustomer" time="132.136"/>
  <system-out/>
</testsuite> <!-- test.AddCustomerTest -->
