<?xml version="1.0" encoding="UTF-8"?>
<!-- Generated by org.testng.reporters.JUnitReportReporter -->
<testsuite hostname="Nancy" failures="0" tests="1" name="test.AddCustomerTest" time="116.068" errors="0" timestamp="2024-01-27T18:03:41 CST" skipped="0">
  <testcase classname="test.AddCustomerTest" name="userShouldBeAbleToAddCustomer" time="116.068"/>
  <system-out/>
</testsuite> <!-- test.AddCustomerTest -->
