<?xml version="1.0" encoding="UTF-8"?>
<!-- Generated by org.testng.reporters.JUnitReportReporter -->
<testsuite hostname="Nancy" failures="0" tests="2" name="test.LoginTest" time="13.737" errors="0" timestamp="2024-01-27T18:03:41 CST" skipped="0">
  <testcase classname="test.LoginTest" name="validUserShouldBeAbleToLogin" time="11.058"/>
  <system-out/>
  <testcase classname="test.LoginTest" name="validateLoginAlertMsg" time="2.679"/>
  <system-out/>
</testsuite> <!-- test.LoginTest -->
